[debug] [2022-09-27T15:05:05.313Z] ----------------------------------------------------------------------
[debug] [2022-09-27T15:05:05.316Z] Command:       C:\Program Files\nodejs\node.exe C:\Users\shanib\AppData\Roaming\npm\node_modules\firebase-tools\lib\bin\firebase.js init
[debug] [2022-09-27T15:05:05.317Z] CLI Version:   11.10.0
[debug] [2022-09-27T15:05:05.317Z] Platform:      win32
[debug] [2022-09-27T15:05:05.317Z] Node Version:  v16.17.1
[debug] [2022-09-27T15:05:05.318Z] Time:          Tue Sep 27 2022 07:05:05 GMT-0800 (GMT-08:00)
[debug] [2022-09-27T15:05:05.318Z] ----------------------------------------------------------------------
[debug] 
[debug] [2022-09-27T15:05:05.327Z] > command requires scopes: ["email","openid","https://www.googleapis.com/auth/cloudplatformprojects.readonly","https://www.googleapis.com/auth/firebase","https://www.googleapis.com/auth/cloud-platform"]
[debug] [2022-09-27T15:05:05.328Z] > authorizing via signed-in user (noorkarachikitchen@gmail.com)
[info] 
     ######## #### ########  ######## ########     ###     ######  ########
     ##        ##  ##     ## ##       ##     ##  ##   ##  ##       ##
     ######    ##  ########  ######   ########  #########  ######  ######
     ##        ##  ##    ##  ##       ##     ## ##     ##       ## ##
     ##       #### ##     ## ######## ########  ##     ##  ######  ########

You're about to initialize a Firebase project in this directory:

  D:\NOORKARACHI KITCHEN\NOORKARACHI KITCHEN

[info] 
=== Project Setup
[info] 
[info] First, let's associate this project directory with a Firebase project.
[info] You can create multiple project aliases by running firebase use --add, 
[info] but for now we'll just set up a default project.
[info] 
[debug] [2022-09-27T15:05:19.375Z] >>> [apiv2][query] GET https://firebase.googleapis.com/v1beta1/projects pageSize=100
[debug] [2022-09-27T15:05:24.886Z] <<< [apiv2][status] GET https://firebase.googleapis.com/v1beta1/projects 200
[debug] [2022-09-27T15:05:24.888Z] <<< [apiv2][body] GET https://firebase.googleapis.com/v1beta1/projects [omitted]
[debug] [2022-09-27T15:05:29.917Z] Error: Timed out.
    at Timeout._onTimeout (C:\Users\shanib\AppData\Roaming\npm\node_modules\firebase-tools\lib\utils.js:253:49)
    at listOnTimeout (node:internal/timers:559:17)
    at processTimers (node:internal/timers:502:7)
[error] 
[error] Error: An unexpected error has occurred.
